INFO:     Started server process [85133]
INFO:     Waiting for application startup.
INFO:     Application startup complete.
INFO:     Uvicorn running on http://0.0.0.0:8000 (Press CTRL+C to quit)
INFO:     127.0.0.1:52585 - "GET /inicio HTTP/1.1" 200 OK
INFO:     127.0.0.1:52586 - "GET /backendfonts/fa-regular-400.woff2 HTTP/1.1" 404 Not Found
INFO:     127.0.0.1:52585 - "GET /backendfonts/fa-solid-900.woff2 HTTP/1.1" 404 Not Found
INFO:     127.0.0.1:52586 - "GET /vendor/fontawesome/backendfonts/fa-regular-400.woff2 HTTP/1.1" 404 Not Found
INFO:     127.0.0.1:52585 - "GET /vendor/fontawesome/backendfonts/fa-solid-900.woff2 HTTP/1.1" 404 Not Found
INFO:     127.0.0.1:52586 - "GET /api/colaboradores HTTP/1.1" 200 OK
INFO:     127.0.0.1:52586 - "GET /personalizar/estado HTTP/1.1" 200 OK
INFO:     127.0.0.1:52585 - "GET /api/ia/status HTTP/1.1" 500 Internal Server Error
ERROR:    Exception in ASGI application
Traceback (most recent call last):
  File "/Users/jalm/Dropbox/Apps/SIPET/.venv/lib/python3.10/site-packages/sqlalchemy/engine/base.py", line 1969, in _exec_single_context
    self.dialect.do_execute(
  File "/Users/jalm/Dropbox/Apps/SIPET/.venv/lib/python3.10/site-packages/sqlalchemy/engine/default.py", line 922, in do_execute
    cursor.execute(statement, parameters)
sqlite3.OperationalError: no such column: ia_config.ai_MAIN_url

The above exception was the direct cause of the following exception:

Traceback (most recent call last):
  File "/Users/jalm/Dropbox/Apps/SIPET/.venv/lib/python3.10/site-packages/uvicorn/protocols/http/httptools_impl.py", line 426, in run_asgi
    result = await app(  # type: ignore[func-returns-value]
  File "/Users/jalm/Dropbox/Apps/SIPET/.venv/lib/python3.10/site-packages/uvicorn/middleware/proxy_headers.py", line 84, in __call__
    return await self.app(scope, receive, send)
  File "/Users/jalm/Dropbox/Apps/SIPET/.venv/lib/python3.10/site-packages/fastapi/applications.py", line 1106, in __call__
    await super().__call__(scope, receive, send)
  File "/Users/jalm/Dropbox/Apps/SIPET/.venv/lib/python3.10/site-packages/starlette/applications.py", line 122, in __call__
    await self.middleware_stack(scope, receive, send)
  File "/Users/jalm/Dropbox/Apps/SIPET/.venv/lib/python3.10/site-packages/starlette/middleware/errors.py", line 184, in __call__
    raise exc
  File "/Users/jalm/Dropbox/Apps/SIPET/.venv/lib/python3.10/site-packages/starlette/middleware/errors.py", line 162, in __call__
    await self.app(scope, receive, _send)
  File "/Users/jalm/Dropbox/Apps/SIPET/.venv/lib/python3.10/site-packages/starlette/middleware/base.py", line 108, in __call__
    response = await self.dispatch_func(request, call_next)
  File "/Users/jalm/Dropbox/Apps/SIPET/fastapi_modulo/modulos/backend/controladores/backend_shell.py", line 218, in enforce_backend_login
    return await call_next(request)
  File "/Users/jalm/Dropbox/Apps/SIPET/.venv/lib/python3.10/site-packages/starlette/middleware/base.py", line 84, in call_next
    raise app_exc
  File "/Users/jalm/Dropbox/Apps/SIPET/.venv/lib/python3.10/site-packages/starlette/middleware/base.py", line 70, in coro
    await self.app(scope, receive_or_disconnect, send_no_error)
  File "/Users/jalm/Dropbox/Apps/SIPET/.venv/lib/python3.10/site-packages/starlette/middleware/exceptions.py", line 79, in __call__
    raise exc
  File "/Users/jalm/Dropbox/Apps/SIPET/.venv/lib/python3.10/site-packages/starlette/middleware/exceptions.py", line 68, in __call__
    await self.app(scope, receive, sender)
  File "/Users/jalm/Dropbox/Apps/SIPET/.venv/lib/python3.10/site-packages/fastapi/middleware/asyncexitstack.py", line 20, in __call__
    raise e
  File "/Users/jalm/Dropbox/Apps/SIPET/.venv/lib/python3.10/site-packages/fastapi/middleware/asyncexitstack.py", line 17, in __call__
    await self.app(scope, receive, send)
  File "/Users/jalm/Dropbox/Apps/SIPET/.venv/lib/python3.10/site-packages/starlette/routing.py", line 718, in __call__
    await route.handle(scope, receive, send)
  File "/Users/jalm/Dropbox/Apps/SIPET/.venv/lib/python3.10/site-packages/starlette/routing.py", line 276, in handle
    await self.app(scope, receive, send)
  File "/Users/jalm/Dropbox/Apps/SIPET/.venv/lib/python3.10/site-packages/starlette/routing.py", line 66, in app
    response = await func(request)
  File "/Users/jalm/Dropbox/Apps/SIPET/.venv/lib/python3.10/site-packages/fastapi/routing.py", line 274, in app
    raw_response = await run_endpoint_function(
  File "/Users/jalm/Dropbox/Apps/SIPET/.venv/lib/python3.10/site-packages/fastapi/routing.py", line 193, in run_endpoint_function
    return await run_in_threadpool(dependant.call, **values)
  File "/Users/jalm/Dropbox/Apps/SIPET/.venv/lib/python3.10/site-packages/starlette/concurrency.py", line 41, in run_in_threadpool
    return await anyio.to_thread.run_sync(func, *args)
  File "/Users/jalm/Dropbox/Apps/SIPET/.venv/lib/python3.10/site-packages/anyio/to_thread.py", line 33, in run_sync
    return await get_asynclib().run_sync_in_worker_thread(
  File "/Users/jalm/Dropbox/Apps/SIPET/.venv/lib/python3.10/site-packages/anyio/_backends/_asyncio.py", line 877, in run_sync_in_worker_thread
    return await future
  File "/Users/jalm/Dropbox/Apps/SIPET/.venv/lib/python3.10/site-packages/anyio/_backends/_asyncio.py", line 807, in run
    result = context.run(func, *args)
  File "/Users/jalm/Dropbox/Apps/SIPET/fastapi_modulo/ajustes_ia.py", line 903, in ia_status_api
    config = db.query(IAConfig).order_by(IAConfig.updated_at.desc()).first()
  File "/Users/jalm/Dropbox/Apps/SIPET/.venv/lib/python3.10/site-packages/sqlalchemy/orm/query.py", line 2748, in first
    return self.limit(1)._iter().first()  # type: ignore
  File "/Users/jalm/Dropbox/Apps/SIPET/.venv/lib/python3.10/site-packages/sqlalchemy/orm/query.py", line 2847, in _iter
    result: Union[ScalarResult[_T], Result[_T]] = self.session.execute(
  File "/Users/jalm/Dropbox/Apps/SIPET/.venv/lib/python3.10/site-packages/sqlalchemy/orm/session.py", line 2308, in execute
    return self._execute_internal(
  File "/Users/jalm/Dropbox/Apps/SIPET/.venv/lib/python3.10/site-packages/sqlalchemy/orm/session.py", line 2190, in _execute_internal
    result: Result[Any] = compile_state_cls.orm_execute_statement(
  File "/Users/jalm/Dropbox/Apps/SIPET/.venv/lib/python3.10/site-packages/sqlalchemy/orm/context.py", line 293, in orm_execute_statement
    result = conn.execute(
  File "/Users/jalm/Dropbox/Apps/SIPET/.venv/lib/python3.10/site-packages/sqlalchemy/engine/base.py", line 1416, in execute
    return meth(
  File "/Users/jalm/Dropbox/Apps/SIPET/.venv/lib/python3.10/site-packages/sqlalchemy/sql/elements.py", line 516, in _execute_on_connection
    return connection._execute_clauseelement(
  File "/Users/jalm/Dropbox/Apps/SIPET/.venv/lib/python3.10/site-packages/sqlalchemy/engine/base.py", line 1639, in _execute_clauseelement
    ret = self._execute_context(
  File "/Users/jalm/Dropbox/Apps/SIPET/.venv/lib/python3.10/site-packages/sqlalchemy/engine/base.py", line 1848, in _execute_context
    return self._exec_single_context(
  File "/Users/jalm/Dropbox/Apps/SIPET/.venv/lib/python3.10/site-packages/sqlalchemy/engine/base.py", line 1988, in _exec_single_context
    self._handle_dbapi_exception(
  File "/Users/jalm/Dropbox/Apps/SIPET/.venv/lib/python3.10/site-packages/sqlalchemy/engine/base.py", line 2343, in _handle_dbapi_exception
    raise sqlalchemy_exception.with_traceback(exc_info[2]) from e
  File "/Users/jalm/Dropbox/Apps/SIPET/.venv/lib/python3.10/site-packages/sqlalchemy/engine/base.py", line 1969, in _exec_single_context
    self.dialect.do_execute(
  File "/Users/jalm/Dropbox/Apps/SIPET/.venv/lib/python3.10/site-packages/sqlalchemy/engine/default.py", line 922, in do_execute
    cursor.execute(statement, parameters)
sqlalchemy.exc.OperationalError: (sqlite3.OperationalError) no such column: ia_config.ai_MAIN_url
[SQL: SELECT ia_config.id AS ia_config_id, ia_config.ai_provider AS ia_config_ai_provider, ia_config.ai_api_key AS ia_config_ai_api_key, ia_config."ai_MAIN_url" AS "ia_config_ai_MAIN_url", ia_config.ai_model AS ia_config_ai_model, ia_config.ai_timeout AS ia_config_ai_timeout, ia_config.ai_temperature AS ia_config_ai_temperature, ia_config.ai_top_p AS ia_config_ai_top_p, ia_config.ai_num_predict AS ia_config_ai_num_predict, ia_config.updated_at AS ia_config_updated_at 
FROM ia_config ORDER BY ia_config.updated_at DESC
 LIMIT ? OFFSET ?]
[parameters: (1, 0)]
(Background on this error at: https://sqlalche.me/e/20/e3q8)
INFO:     127.0.0.1:52586 - "GET /api/notificaciones/resumen HTTP/1.1" 200 OK
